<?xml version="1.0" encoding="UTF-8"?>
<!-- Generated by org.testng.reporters.JUnitReportReporter -->
<testsuite hostname="VDQADEV01-LT5YB" name="test.VerifyIfUserWasCreated" tests="2" failures="0" timestamp="18 Feb 2015 01:30:54 GMT" time="8.971" errors="0">
  <testcase name="createNewUser" time="4.726" classname="test.VerifyIfUserWasCreated"/>
  <testcase name="createNewUser" time="4.245" classname="test.VerifyIfUserWasCreated"/>
</testsuite> <!-- test.VerifyIfUserWasCreated -->
