<?xml version="1.0" encoding="UTF-8"?>
<!-- Generated by org.testng.reporters.JUnitReportReporter -->
<testsuite hostname="VDQADEV01-LT5YB" name="test.LoginLikeAnAdministrator" tests="1" failures="0" timestamp="23 Jan 2015 20:20:31 GMT" time="1.982" errors="0">
  <testcase name="verifyLogin" time="1.982" classname="test.LoginLikeAnAdministrator"/>
</testsuite> <!-- test.LoginLikeAnAdministrator -->
