<?xml version="1.0" encoding="UTF-8"?>
<!-- Generated by org.testng.reporters.JUnitReportReporter -->
<testsuite hostname="VDQADEV01-LT5YB" name="test.creations.VerifyIfUserWasCreated" tests="2" failures="0" timestamp="18 Feb 2015 21:29:06 GMT" time="14.991" errors="0">
  <testcase name="createNewUser" time="7.344" classname="test.creations.VerifyIfUserWasCreated"/>
  <testcase name="createNewUser" time="7.647" classname="test.creations.VerifyIfUserWasCreated"/>
</testsuite> <!-- test.creations.VerifyIfUserWasCreated -->
