<?xml version="1.0" encoding="UTF-8"?>
<!-- Generated by org.testng.reporters.JUnitReportReporter -->
<testsuite hostname="VDQADEV01-LT5YB" name="test.VerifyIfUserWasCreated" tests="2" failures="0" timestamp="6 Feb 2015 20:10:29 GMT" time="12.246" errors="0">
  <testcase name="createNewUser" time="6.042" classname="test.VerifyIfUserWasCreated"/>
  <testcase name="createNewUser" time="6.204" classname="test.VerifyIfUserWasCreated"/>
</testsuite> <!-- test.VerifyIfUserWasCreated -->
