<?xml version="1.0" encoding="UTF-8"?>
<!-- Generated by org.testng.reporters.JUnitReportReporter -->
<testsuite hostname="VDQADEV01-LT5YB" name="test.VerifyIfStageWasCreated" tests="2" failures="0" timestamp="1 Feb 2015 23:14:46 GMT" time="8.056" errors="0">
  <testcase name="createNewStage" time="4.554" classname="test.VerifyIfStageWasCreated"/>
  <testcase name="createNewStage" time="3.502" classname="test.VerifyIfStageWasCreated"/>
</testsuite> <!-- test.VerifyIfStageWasCreated -->
