<?xml version="1.0" encoding="UTF-8"?>
<!-- Generated by org.testng.reporters.JUnitReportReporter -->
<testsuite hostname="VDQADEV01-LT5YB" name="test.creations.VerifyIfStageWasCreated" tests="2" failures="0" timestamp="18 Feb 2015 21:29:06 GMT" time="16.458" errors="0">
  <testcase name="createNewStage" time="8.638" classname="test.creations.VerifyIfStageWasCreated"/>
  <testcase name="createNewStage" time="7.820" classname="test.creations.VerifyIfStageWasCreated"/>
</testsuite> <!-- test.creations.VerifyIfStageWasCreated -->
