<?xml version="1.0" encoding="UTF-8"?>
<!-- Generated by org.testng.reporters.JUnitReportReporter -->
<testsuite hostname="VDQADEV01-LT5YB" name="test.VerifyIfApplicantWasCreated" tests="2" failures="0" timestamp="11 Feb 2015 21:39:52 GMT" time="15.875" errors="0">
  <testcase name="createApplicant" time="7.828" classname="test.VerifyIfApplicantWasCreated"/>
  <testcase name="createApplicant" time="8.047" classname="test.VerifyIfApplicantWasCreated"/>
</testsuite> <!-- test.VerifyIfApplicantWasCreated -->
