<?xml version="1.0" encoding="UTF-8"?>
<!-- Generated by org.testng.reporters.JUnitReportReporter -->
<testsuite hostname="VDQADEV01-LT5YB" name="test.pruebita" tests="1" failures="0" timestamp="10 Feb 2015 14:23:34 GMT" time="0.238" errors="0">
  <testcase name="testReadExcelFile" time="0.238" classname="test.pruebita"/>
</testsuite> <!-- test.pruebita -->
