<?xml version="1.0" encoding="UTF-8"?>
<!-- Generated by org.testng.reporters.JUnitReportReporter -->
<testsuite hostname="VDQADEV01-LT5YB" name="test.VerifyIfStageWasCreated" tests="2" failures="0" timestamp="6 Feb 2015 20:10:29 GMT" time="9.542" errors="0">
  <testcase name="createNewStage" time="4.763" classname="test.VerifyIfStageWasCreated"/>
  <testcase name="createNewStage" time="4.779" classname="test.VerifyIfStageWasCreated"/>
</testsuite> <!-- test.VerifyIfStageWasCreated -->
