<?xml version="1.0" encoding="UTF-8"?>
<!-- Generated by org.testng.reporters.JUnitReportReporter -->
<testsuite hostname="VDQADEV01-LT5YB" name="test.NewTest" tests="1" failures="0" timestamp="13 Feb 2015 14:55:10 GMT" time="0.043" errors="0">
  <testcase name="f" time="0.043" classname="test.NewTest"/>
</testsuite> <!-- test.NewTest -->
