<?xml version="1.0" encoding="UTF-8"?>
<!-- Generated by org.testng.reporters.JUnitReportReporter -->
<testsuite hostname="VDQADEV01-LT5YB" name="test.VerifyIfProgramWasCreated" tests="2" failures="0" timestamp="4 Feb 2015 21:52:05 GMT" time="9.511" errors="0">
  <testcase name="createProgram" time="4.145" classname="test.VerifyIfProgramWasCreated"/>
  <testcase name="createProgram" time="5.366" classname="test.VerifyIfProgramWasCreated"/>
</testsuite> <!-- test.VerifyIfProgramWasCreated -->
