<?xml version="1.0" encoding="UTF-8"?>
<!-- Generated by org.testng.reporters.JUnitReportReporter -->
<testsuite hostname="VDQADEV01-LT5YB" name="test.VerifyIfUserWasCreated" tests="2" failures="0" timestamp="1 Feb 2015 23:14:46 GMT" time="12.567" errors="0">
  <testcase name="createNewUser" time="7.489" classname="test.VerifyIfUserWasCreated"/>
  <testcase name="createNewUser" time="5.078" classname="test.VerifyIfUserWasCreated"/>
</testsuite> <!-- test.VerifyIfUserWasCreated -->
