<?xml version="1.0" encoding="UTF-8"?>
<!-- Generated by org.testng.reporters.JUnitReportReporter -->
<testsuite hostname="VDQADEV01-LT5YB" name="test.VerifyIfPeriodWasCreated" tests="2" failures="0" timestamp="11 Feb 2015 21:39:52 GMT" time="17.258" errors="0">
  <testcase name="createPeriod" time="8.441" classname="test.VerifyIfPeriodWasCreated"/>
  <testcase name="createPeriod" time="8.817" classname="test.VerifyIfPeriodWasCreated"/>
</testsuite> <!-- test.VerifyIfPeriodWasCreated -->
