<?xml version="1.0" encoding="UTF-8"?>
<!-- Generated by org.testng.reporters.JUnitReportReporter -->
<testsuite hostname="VDQADEV01-LT5YB" name="test.VerifyIfApplicantWasCreated" tests="2" failures="0" timestamp="6 Feb 2015 20:10:29 GMT" time="14.987" errors="0">
  <testcase name="createApplicant" time="7.387" classname="test.VerifyIfApplicantWasCreated"/>
  <testcase name="createApplicant" time="7.600" classname="test.VerifyIfApplicantWasCreated"/>
</testsuite> <!-- test.VerifyIfApplicantWasCreated -->
