<?xml version="1.0" encoding="UTF-8"?>
<!-- Generated by org.testng.reporters.JUnitReportReporter -->
<testsuite hostname="VDQADEV01-LT5YB" name="test.VerifyIfApplicantWasCreated" tests="2" failures="0" timestamp="1 Feb 2015 23:14:46 GMT" time="16.524" errors="0">
  <testcase name="createApplicant" time="7.121" classname="test.VerifyIfApplicantWasCreated"/>
  <testcase name="createApplicant" time="9.403" classname="test.VerifyIfApplicantWasCreated"/>
</testsuite> <!-- test.VerifyIfApplicantWasCreated -->
