<?xml version="1.0" encoding="UTF-8"?>
<!-- Generated by org.testng.reporters.JUnitReportReporter -->
<testsuite hostname="VDQADEV01-LT5YB" name="test.VerifyIfApplicantWasCreated" tests="2" failures="0" timestamp="4 Feb 2015 14:13:29 GMT" time="14.187" errors="0">
  <testcase name="createApplicant" time="7.383" classname="test.VerifyIfApplicantWasCreated"/>
  <testcase name="createApplicant" time="6.804" classname="test.VerifyIfApplicantWasCreated"/>
</testsuite> <!-- test.VerifyIfApplicantWasCreated -->
