<?xml version="1.0" encoding="UTF-8"?>
<!-- Generated by org.testng.reporters.JUnitReportReporter -->
<testsuite hostname="VDQADEV01-LT5YB" name="test.VerifyIfStageWasCreated" tests="2" failures="0" timestamp="18 Feb 2015 01:30:54 GMT" time="10.121" errors="0">
  <testcase name="createNewStage" time="4.815" classname="test.VerifyIfStageWasCreated"/>
  <testcase name="createNewStage" time="5.306" classname="test.VerifyIfStageWasCreated"/>
</testsuite> <!-- test.VerifyIfStageWasCreated -->
