<?xml version="1.0" encoding="UTF-8"?>
<!-- Generated by org.testng.reporters.JUnitReportReporter -->
<testsuite hostname="VDQADEV01-LT5YB" name="test.VerifyIfUserWasCreated" tests="2" failures="0" timestamp="11 Feb 2015 21:39:52 GMT" time="10.421" errors="0">
  <testcase name="createNewUser" time="5.064" classname="test.VerifyIfUserWasCreated"/>
  <testcase name="createNewUser" time="5.357" classname="test.VerifyIfUserWasCreated"/>
</testsuite> <!-- test.VerifyIfUserWasCreated -->
