<?xml version="1.0" encoding="UTF-8"?>
<!-- Generated by org.testng.reporters.JUnitReportReporter -->
<testsuite hostname="VDQADEV01-LT5YB" name="test.VerifyIfApplicantWasCreated" tests="2" failures="0" timestamp="5 Feb 2015 18:33:15 GMT" time="11.769" errors="0">
  <testcase name="createApplicant" time="6.049" classname="test.VerifyIfApplicantWasCreated"/>
  <testcase name="createApplicant" time="5.720" classname="test.VerifyIfApplicantWasCreated"/>
</testsuite> <!-- test.VerifyIfApplicantWasCreated -->
