<?xml version="1.0" encoding="UTF-8"?>
<!-- Generated by org.testng.reporters.JUnitReportReporter -->
<testsuite hostname="VDQADEV01-LT5YB" name="test.VerifyIfProgramWasCreated" tests="2" failures="0" timestamp="1 Feb 2015 23:14:46 GMT" time="9.131" errors="0">
  <testcase name="createProgram" time="4.816" classname="test.VerifyIfProgramWasCreated"/>
  <testcase name="createProgram" time="4.315" classname="test.VerifyIfProgramWasCreated"/>
</testsuite> <!-- test.VerifyIfProgramWasCreated -->
