<?xml version="1.0" encoding="UTF-8"?>
<!-- Generated by org.testng.reporters.JUnitReportReporter -->
<testsuite hostname="VDQADEV01-LT5YB" name="test.VerifyIfProgramWasCreated" tests="2" failures="0" timestamp="11 Feb 2015 21:39:52 GMT" time="10.348" errors="0">
  <testcase name="createProgram" time="5.102" classname="test.VerifyIfProgramWasCreated"/>
  <testcase name="createProgram" time="5.246" classname="test.VerifyIfProgramWasCreated"/>
</testsuite> <!-- test.VerifyIfProgramWasCreated -->
