<?xml version="1.0" encoding="UTF-8"?>
<!-- Generated by org.testng.reporters.JUnitReportReporter -->
<testsuite hostname="VDQADEV01-LT5YB" name="test.VerifyIfStageWasCreated" tests="2" failures="0" timestamp="5 Feb 2015 18:33:15 GMT" time="6.948" errors="0">
  <testcase name="createNewStage" time="3.631" classname="test.VerifyIfStageWasCreated"/>
  <testcase name="createNewStage" time="3.317" classname="test.VerifyIfStageWasCreated"/>
</testsuite> <!-- test.VerifyIfStageWasCreated -->
