<?xml version="1.0" encoding="UTF-8"?>
<!-- Generated by org.testng.reporters.JUnitReportReporter -->
<testsuite hostname="VDQADEV01-LT5YB" name="test.VerifyIfStageWasCreated" tests="2" failures="0" timestamp="4 Feb 2015 14:13:29 GMT" time="7.753" errors="0">
  <testcase name="createNewStage" time="3.976" classname="test.VerifyIfStageWasCreated"/>
  <testcase name="createNewStage" time="3.777" classname="test.VerifyIfStageWasCreated"/>
</testsuite> <!-- test.VerifyIfStageWasCreated -->
