<?xml version="1.0" encoding="UTF-8"?>
<!-- Generated by org.testng.reporters.JUnitReportReporter -->
<testsuite hostname="VDQADEV01-LT5YB" name="test.VerifyIfProgramWasCreated" tests="2" failures="0" timestamp="5 Feb 2015 18:33:15 GMT" time="7.477" errors="0">
  <testcase name="createProgram" time="3.477" classname="test.VerifyIfProgramWasCreated"/>
  <testcase name="createProgram" time="4.000" classname="test.VerifyIfProgramWasCreated"/>
</testsuite> <!-- test.VerifyIfProgramWasCreated -->
