<?xml version="1.0" encoding="UTF-8"?>
<!-- Generated by org.testng.reporters.JUnitReportReporter -->
<testsuite hostname="VDQADEV01-LT5YB" name="test.Login" tests="1" failures="0" timestamp="23 Jan 2015 22:46:17 GMT" time="2.062" errors="0">
  <testcase name="verifyLogin" time="2.062" classname="test.Login"/>
</testsuite> <!-- test.Login -->
