<?xml version="1.0" encoding="UTF-8"?>
<!-- Generated by org.testng.reporters.JUnitReportReporter -->
<testsuite hostname="VDQADEV01-LT5YB" name="test.VerifyIfPeriodWasCreated" tests="2" failures="0" timestamp="18 Feb 2015 01:30:54 GMT" time="15.191" errors="0">
  <testcase name="createPeriod" time="7.530" classname="test.VerifyIfPeriodWasCreated"/>
  <testcase name="createPeriod" time="7.661" classname="test.VerifyIfPeriodWasCreated"/>
</testsuite> <!-- test.VerifyIfPeriodWasCreated -->
