<?xml version="1.0" encoding="UTF-8"?>
<!-- Generated by org.testng.reporters.JUnitReportReporter -->
<testsuite hostname="VDQADEV01-LT5YB" name="test.CreateApplicantWithDataProvider" tests="4" failures="0" timestamp="28 Jan 2015 21:16:16 GMT" time="19.522" errors="0">
  <testcase name="createApplicant" time="4.893" classname="test.CreateApplicantWithDataProvider"/>
  <testcase name="createApplicant" time="4.955" classname="test.CreateApplicantWithDataProvider"/>
  <testcase name="createApplicant" time="4.846" classname="test.CreateApplicantWithDataProvider"/>
  <testcase name="createApplicant" time="4.828" classname="test.CreateApplicantWithDataProvider"/>
</testsuite> <!-- test.CreateApplicantWithDataProvider -->
