<?xml version="1.0" encoding="UTF-8"?>
<!-- Generated by org.testng.reporters.JUnitReportReporter -->
<testsuite hostname="VDQADEV01-LT5YB" name="test.VerifyIfUserWasCreated" tests="2" failures="0" timestamp="11 Feb 2015 19:36:21 GMT" time="10.758" errors="0">
  <testcase name="createNewUser" time="5.175" classname="test.VerifyIfUserWasCreated"/>
  <testcase name="createNewUser" time="5.583" classname="test.VerifyIfUserWasCreated"/>
</testsuite> <!-- test.VerifyIfUserWasCreated -->
