<?xml version="1.0" encoding="UTF-8"?>
<!-- Generated by org.testng.reporters.JUnitReportReporter -->
<testsuite hostname="VDQADEV01-LT5YB" name="test.VerifyIfProgramWasCreated" tests="2" failures="0" timestamp="18 Feb 2015 01:30:54 GMT" time="9.501" errors="0">
  <testcase name="createProgram" time="5.017" classname="test.VerifyIfProgramWasCreated"/>
  <testcase name="createProgram" time="4.484" classname="test.VerifyIfProgramWasCreated"/>
</testsuite> <!-- test.VerifyIfProgramWasCreated -->
