<?xml version="1.0" encoding="UTF-8"?>
<!-- Generated by org.testng.reporters.JUnitReportReporter -->
<testsuite hostname="VDQADEV01-LT5YB" name="test.VerifyIfStageWasCreated" tests="2" failures="0" timestamp="11 Feb 2015 21:39:52 GMT" time="9.801" errors="0">
  <testcase name="createNewStage" time="5.072" classname="test.VerifyIfStageWasCreated"/>
  <testcase name="createNewStage" time="4.729" classname="test.VerifyIfStageWasCreated"/>
</testsuite> <!-- test.VerifyIfStageWasCreated -->
