<?xml version="1.0" encoding="UTF-8"?>
<!-- Generated by org.testng.reporters.JUnitReportReporter -->
<testsuite hostname="VDQADEV01-LT5YB" name="test.VerifyIfUserWasCreated" tests="2" failures="0" timestamp="11 Feb 2015 01:41:06 GMT" time="11.319" errors="0">
  <testcase name="createNewUser" time="5.152" classname="test.VerifyIfUserWasCreated"/>
  <testcase name="createNewUser" time="6.167" classname="test.VerifyIfUserWasCreated"/>
</testsuite> <!-- test.VerifyIfUserWasCreated -->
