<?xml version="1.0" encoding="UTF-8"?>
<!-- Generated by org.testng.reporters.JUnitReportReporter -->
<testsuite hostname="VDQADEV01-LT5YB" name="test.VerifyIfPeriodWasCreated" tests="2" failures="0" timestamp="1 Feb 2015 23:14:46 GMT" time="14.374" errors="0">
  <testcase name="createPeriod" time="6.747" classname="test.VerifyIfPeriodWasCreated"/>
  <testcase name="createPeriod" time="7.627" classname="test.VerifyIfPeriodWasCreated"/>
</testsuite> <!-- test.VerifyIfPeriodWasCreated -->
