<?xml version="1.0" encoding="UTF-8"?>
<!-- Generated by org.testng.reporters.JUnitReportReporter -->
<testsuite hostname="VDQADEV01-LT5YB" name="test.VerifyIfProgramWasCreated" tests="2" failures="0" timestamp="4 Feb 2015 14:13:29 GMT" time="7.713" errors="0">
  <testcase name="createProgram" time="3.914" classname="test.VerifyIfProgramWasCreated"/>
  <testcase name="createProgram" time="3.799" classname="test.VerifyIfProgramWasCreated"/>
</testsuite> <!-- test.VerifyIfProgramWasCreated -->
