<?xml version="1.0" encoding="UTF-8"?>
<!-- Generated by org.testng.reporters.JUnitReportReporter -->
<testsuite hostname="VDQADEV01-LT5YB" name="test.VerifyIfProgramWasCreated" tests="2" failures="0" timestamp="6 Feb 2015 20:10:29 GMT" time="10.297" errors="0">
  <testcase name="createProgram" time="5.070" classname="test.VerifyIfProgramWasCreated"/>
  <testcase name="createProgram" time="5.227" classname="test.VerifyIfProgramWasCreated"/>
</testsuite> <!-- test.VerifyIfProgramWasCreated -->
