<?xml version="1.0" encoding="UTF-8"?>
<!-- Generated by org.testng.reporters.JUnitReportReporter -->
<testsuite hostname="VDQADEV01-LT5YB" name="test.VerifyIfUserWasCreated" tests="2" failures="0" timestamp="4 Feb 2015 14:13:29 GMT" time="10.208" errors="0">
  <testcase name="createNewUser" time="5.169" classname="test.VerifyIfUserWasCreated"/>
  <testcase name="createNewUser" time="5.039" classname="test.VerifyIfUserWasCreated"/>
</testsuite> <!-- test.VerifyIfUserWasCreated -->
