<?xml version="1.0" encoding="UTF-8"?>
<!-- Generated by org.testng.reporters.JUnitReportReporter -->
<testsuite hostname="VDQADEV01-LT5YB" name="test.prueba" tests="1" failures="0" timestamp="13 Feb 2015 13:45:43 GMT" time="0.042" errors="0">
  <testcase name="readJsonFile" time="0.042" classname="test.prueba"/>
</testsuite> <!-- test.prueba -->
