<?xml version="1.0" encoding="UTF-8"?>
<!-- Generated by org.testng.reporters.JUnitReportReporter -->
<testsuite hostname="VDQADEV01-LT5YB" name="test.VerifyIfProgramWasCreated" tests="2" failures="0" timestamp="11 Feb 2015 19:36:21 GMT" time="8.009" errors="0">
  <testcase name="createProgram" time="3.490" classname="test.VerifyIfProgramWasCreated"/>
  <testcase name="createProgram" time="4.519" classname="test.VerifyIfProgramWasCreated"/>
</testsuite> <!-- test.VerifyIfProgramWasCreated -->
