<?xml version="1.0" encoding="UTF-8"?>
<!-- Generated by org.testng.reporters.JUnitReportReporter -->
<testsuite hostname="VDQADEV01-LT5YB" name="test.VerifyIfUserWasCreated" tests="2" failures="0" timestamp="5 Feb 2015 18:33:15 GMT" time="10.255" errors="0">
  <testcase name="createNewUser" time="5.959" classname="test.VerifyIfUserWasCreated"/>
  <testcase name="createNewUser" time="4.296" classname="test.VerifyIfUserWasCreated"/>
</testsuite> <!-- test.VerifyIfUserWasCreated -->
