<?xml version="1.0" encoding="UTF-8"?>
<!-- Generated by org.testng.reporters.JUnitReportReporter -->
<testsuite hostname="VDQADEV01-LT5YB" name="test.creations.VerifyIfProgramWasCreated" tests="2" failures="0" timestamp="18 Feb 2015 21:29:06 GMT" time="16.196" errors="0">
  <testcase name="createProgram" time="7.580" classname="test.creations.VerifyIfProgramWasCreated"/>
  <testcase name="createProgram" time="8.616" classname="test.creations.VerifyIfProgramWasCreated"/>
</testsuite> <!-- test.creations.VerifyIfProgramWasCreated -->
