<?xml version="1.0" encoding="UTF-8"?>
<!-- Generated by org.testng.reporters.JUnitReportReporter -->
<testsuite hostname="VDQADEV01-LT5YB" name="test.VerifyIfApplicantWasCreated" tests="2" failures="0" timestamp="18 Feb 2015 01:30:54 GMT" time="13.142" errors="0">
  <testcase name="createApplicant" time="6.330" classname="test.VerifyIfApplicantWasCreated"/>
  <testcase name="createApplicant" time="6.812" classname="test.VerifyIfApplicantWasCreated"/>
</testsuite> <!-- test.VerifyIfApplicantWasCreated -->
